<?xml version="1.0" encoding="UTF-8"?>
<robot generator="Robot 4.0 (Python 3.9.1 on win32)" generated="20210325 11:27:11.870" rpa="false" schemaversion="2">
<suite id="s1" name="Cpf" source="c:\qaninja\robot\Web\Hello\cpf.robot">
<test id="s1-t1" name="teste">
<kw name="Set Variable" library="BuiltIn">
<var>${text}</var>
<arg>1</arg>
<doc>Returns the given values which can then be assigned to a variables.</doc>
<msg timestamp="20210325 11:27:12.630" level="INFO">${text} = 1</msg>
<status status="PASS" starttime="20210325 11:27:12.630" endtime="20210325 11:27:12.630"/>
</kw>
<kw name="Set Variable" library="BuiltIn">
<var>${text2}</var>
<arg>2</arg>
<doc>Returns the given values which can then be assigned to a variables.</doc>
<msg timestamp="20210325 11:27:12.631" level="INFO">${text2} = 2</msg>
<status status="PASS" starttime="20210325 11:27:12.631" endtime="20210325 11:27:12.631"/>
</kw>
<kw name="Set Variable" library="BuiltIn">
<var>${random}</var>
<arg>2</arg>
<doc>Returns the given values which can then be assigned to a variables.</doc>
<msg timestamp="20210325 11:27:12.631" level="INFO">${random} = 2</msg>
<status status="PASS" starttime="20210325 11:27:12.631" endtime="20210325 11:27:12.632"/>
</kw>
<if>
<branch type="IF" condition="'${random}' == '${text}'">
<kw name="Set Variable" library="BuiltIn">
<var>${classe}</var>
<arg>'BT AEROPORTOS</arg>
<arg>15000</arg>
<arg>15000</arg>
<arg>1000'</arg>
<doc>Returns the given values which can then be assigned to a variables.</doc>
<status status="NOT RUN" starttime="20210325 11:27:12.632" endtime="20210325 11:27:12.632"/>
</kw>
<status status="NOT RUN" starttime="20210325 11:27:12.632" endtime="20210325 11:27:12.632"/>
</branch>
<status status="PASS" starttime="20210325 11:27:12.632" endtime="20210325 11:27:12.632"/>
</if>
<if>
<branch type="IF" condition="'${random}' == '${text2}'">
<kw name="Set Variable" library="BuiltIn">
<var>${classe}</var>
<arg>'CCO - MONITORAMENTO LOGÍSTICO</arg>
<arg>5000</arg>
<arg>5000</arg>
<arg>2500'</arg>
<doc>Returns the given values which can then be assigned to a variables.</doc>
<msg timestamp="20210325 11:27:12.633" level="INFO">${classe} = ["'CCO - MONITORAMENTO LOGÍSTICO", '5000', '5000', "2500'"]</msg>
<status status="PASS" starttime="20210325 11:27:12.633" endtime="20210325 11:27:12.633"/>
</kw>
<status status="PASS" starttime="20210325 11:27:12.633" endtime="20210325 11:27:12.633"/>
</branch>
<status status="PASS" starttime="20210325 11:27:12.633" endtime="20210325 11:27:12.633"/>
</if>
<kw name="Log To Console" library="BuiltIn">
<arg>\n${classe}</arg>
<doc>Logs the given message to the console.</doc>
<status status="PASS" starttime="20210325 11:27:12.634" endtime="20210325 11:27:12.634"/>
</kw>
<status status="PASS" starttime="20210325 11:27:12.629" endtime="20210325 11:27:12.635"/>
</test>
<status status="PASS" starttime="20210325 11:27:11.871" endtime="20210325 11:27:12.637"/>
</suite>
<statistics>
<total>
<stat pass="1" fail="0" skip="0">All Tests</stat>
</total>
<tag>
</tag>
<suite>
<stat pass="1" fail="0" skip="0" id="s1" name="Cpf">Cpf</stat>
</suite>
</statistics>
<errors>
</errors>
</robot>
