<?xml version="1.0" encoding="UTF-8"?>
<robot generator="Robot 4.0 (Python 3.9.1 on win32)" generated="20210327 18:37:16.419" rpa="false" schemaversion="2">
<suite id="s1" name="Cpf" source="c:\qaninja\robot\Web\Hello\cpf.robot">
<test id="s1-t1" name="TESTE">
<for flavor="IN RANGE">
<var>${var}</var>
<value>10</value>
<iter>
<var name="${var}">0</var>
<kw name="Evaluate" library="BuiltIn">
<var>${Random Numbers}</var>
<arg>random.randint(0, 10)</arg>
<doc>Evaluates the given expression in Python and returns the result.</doc>
<msg timestamp="20210327 18:37:17.204" level="INFO">${Random Numbers} = 1</msg>
<status status="PASS" starttime="20210327 18:37:17.204" endtime="20210327 18:37:17.204"/>
</kw>
<kw name="Log To Console" library="BuiltIn">
<arg>${Random Numbers}</arg>
<doc>Logs the given message to the console.</doc>
<status status="PASS" starttime="20210327 18:37:17.204" endtime="20210327 18:37:17.205"/>
</kw>
<kw name="Continue For Loop" library="BuiltIn">
<doc>Skips the current for loop iteration and continues from the next.</doc>
<msg timestamp="20210327 18:37:17.205" level="INFO">Continuing for loop from the next iteration.</msg>
<status status="PASS" starttime="20210327 18:37:17.205" endtime="20210327 18:37:17.205"/>
</kw>
<status status="PASS" starttime="20210327 18:37:17.204" endtime="20210327 18:37:17.205"/>
</iter>
<iter>
<var name="${var}">1</var>
<kw name="Evaluate" library="BuiltIn">
<var>${Random Numbers}</var>
<arg>random.randint(0, 10)</arg>
<doc>Evaluates the given expression in Python and returns the result.</doc>
<msg timestamp="20210327 18:37:17.206" level="INFO">${Random Numbers} = 8</msg>
<status status="PASS" starttime="20210327 18:37:17.205" endtime="20210327 18:37:17.206"/>
</kw>
<kw name="Log To Console" library="BuiltIn">
<arg>${Random Numbers}</arg>
<doc>Logs the given message to the console.</doc>
<status status="PASS" starttime="20210327 18:37:17.206" endtime="20210327 18:37:17.207"/>
</kw>
<kw name="Continue For Loop" library="BuiltIn">
<doc>Skips the current for loop iteration and continues from the next.</doc>
<msg timestamp="20210327 18:37:17.207" level="INFO">Continuing for loop from the next iteration.</msg>
<status status="PASS" starttime="20210327 18:37:17.207" endtime="20210327 18:37:17.207"/>
</kw>
<status status="PASS" starttime="20210327 18:37:17.205" endtime="20210327 18:37:17.207"/>
</iter>
<iter>
<var name="${var}">2</var>
<kw name="Evaluate" library="BuiltIn">
<var>${Random Numbers}</var>
<arg>random.randint(0, 10)</arg>
<doc>Evaluates the given expression in Python and returns the result.</doc>
<msg timestamp="20210327 18:37:17.208" level="INFO">${Random Numbers} = 10</msg>
<status status="PASS" starttime="20210327 18:37:17.207" endtime="20210327 18:37:17.208"/>
</kw>
<kw name="Log To Console" library="BuiltIn">
<arg>${Random Numbers}</arg>
<doc>Logs the given message to the console.</doc>
<status status="PASS" starttime="20210327 18:37:17.208" endtime="20210327 18:37:17.208"/>
</kw>
<kw name="Continue For Loop" library="BuiltIn">
<doc>Skips the current for loop iteration and continues from the next.</doc>
<msg timestamp="20210327 18:37:17.208" level="INFO">Continuing for loop from the next iteration.</msg>
<status status="PASS" starttime="20210327 18:37:17.208" endtime="20210327 18:37:17.208"/>
</kw>
<status status="PASS" starttime="20210327 18:37:17.207" endtime="20210327 18:37:17.208"/>
</iter>
<iter>
<var name="${var}">3</var>
<kw name="Evaluate" library="BuiltIn">
<var>${Random Numbers}</var>
<arg>random.randint(0, 10)</arg>
<doc>Evaluates the given expression in Python and returns the result.</doc>
<msg timestamp="20210327 18:37:17.209" level="INFO">${Random Numbers} = 0</msg>
<status status="PASS" starttime="20210327 18:37:17.208" endtime="20210327 18:37:17.209"/>
</kw>
<kw name="Log To Console" library="BuiltIn">
<arg>${Random Numbers}</arg>
<doc>Logs the given message to the console.</doc>
<status status="PASS" starttime="20210327 18:37:17.209" endtime="20210327 18:37:17.210"/>
</kw>
<kw name="Continue For Loop" library="BuiltIn">
<doc>Skips the current for loop iteration and continues from the next.</doc>
<msg timestamp="20210327 18:37:17.210" level="INFO">Continuing for loop from the next iteration.</msg>
<status status="PASS" starttime="20210327 18:37:17.210" endtime="20210327 18:37:17.210"/>
</kw>
<status status="PASS" starttime="20210327 18:37:17.208" endtime="20210327 18:37:17.210"/>
</iter>
<iter>
<var name="${var}">4</var>
<kw name="Evaluate" library="BuiltIn">
<var>${Random Numbers}</var>
<arg>random.randint(0, 10)</arg>
<doc>Evaluates the given expression in Python and returns the result.</doc>
<msg timestamp="20210327 18:37:17.211" level="INFO">${Random Numbers} = 2</msg>
<status status="PASS" starttime="20210327 18:37:17.210" endtime="20210327 18:37:17.211"/>
</kw>
<kw name="Log To Console" library="BuiltIn">
<arg>${Random Numbers}</arg>
<doc>Logs the given message to the console.</doc>
<status status="PASS" starttime="20210327 18:37:17.211" endtime="20210327 18:37:17.211"/>
</kw>
<kw name="Continue For Loop" library="BuiltIn">
<doc>Skips the current for loop iteration and continues from the next.</doc>
<msg timestamp="20210327 18:37:17.211" level="INFO">Continuing for loop from the next iteration.</msg>
<status status="PASS" starttime="20210327 18:37:17.211" endtime="20210327 18:37:17.211"/>
</kw>
<status status="PASS" starttime="20210327 18:37:17.210" endtime="20210327 18:37:17.211"/>
</iter>
<iter>
<var name="${var}">5</var>
<kw name="Evaluate" library="BuiltIn">
<var>${Random Numbers}</var>
<arg>random.randint(0, 10)</arg>
<doc>Evaluates the given expression in Python and returns the result.</doc>
<msg timestamp="20210327 18:37:17.212" level="INFO">${Random Numbers} = 5</msg>
<status status="PASS" starttime="20210327 18:37:17.212" endtime="20210327 18:37:17.212"/>
</kw>
<kw name="Log To Console" library="BuiltIn">
<arg>${Random Numbers}</arg>
<doc>Logs the given message to the console.</doc>
<status status="PASS" starttime="20210327 18:37:17.212" endtime="20210327 18:37:17.213"/>
</kw>
<kw name="Continue For Loop" library="BuiltIn">
<doc>Skips the current for loop iteration and continues from the next.</doc>
<msg timestamp="20210327 18:37:17.213" level="INFO">Continuing for loop from the next iteration.</msg>
<status status="PASS" starttime="20210327 18:37:17.213" endtime="20210327 18:37:17.213"/>
</kw>
<status status="PASS" starttime="20210327 18:37:17.211" endtime="20210327 18:37:17.213"/>
</iter>
<iter>
<var name="${var}">6</var>
<kw name="Evaluate" library="BuiltIn">
<var>${Random Numbers}</var>
<arg>random.randint(0, 10)</arg>
<doc>Evaluates the given expression in Python and returns the result.</doc>
<msg timestamp="20210327 18:37:17.214" level="INFO">${Random Numbers} = 3</msg>
<status status="PASS" starttime="20210327 18:37:17.213" endtime="20210327 18:37:17.214"/>
</kw>
<kw name="Log To Console" library="BuiltIn">
<arg>${Random Numbers}</arg>
<doc>Logs the given message to the console.</doc>
<status status="PASS" starttime="20210327 18:37:17.214" endtime="20210327 18:37:17.215"/>
</kw>
<kw name="Continue For Loop" library="BuiltIn">
<doc>Skips the current for loop iteration and continues from the next.</doc>
<msg timestamp="20210327 18:37:17.215" level="INFO">Continuing for loop from the next iteration.</msg>
<status status="PASS" starttime="20210327 18:37:17.215" endtime="20210327 18:37:17.215"/>
</kw>
<status status="PASS" starttime="20210327 18:37:17.213" endtime="20210327 18:37:17.215"/>
</iter>
<iter>
<var name="${var}">7</var>
<kw name="Evaluate" library="BuiltIn">
<var>${Random Numbers}</var>
<arg>random.randint(0, 10)</arg>
<doc>Evaluates the given expression in Python and returns the result.</doc>
<msg timestamp="20210327 18:37:17.216" level="INFO">${Random Numbers} = 10</msg>
<status status="PASS" starttime="20210327 18:37:17.215" endtime="20210327 18:37:17.216"/>
</kw>
<kw name="Log To Console" library="BuiltIn">
<arg>${Random Numbers}</arg>
<doc>Logs the given message to the console.</doc>
<status status="PASS" starttime="20210327 18:37:17.216" endtime="20210327 18:37:17.217"/>
</kw>
<kw name="Continue For Loop" library="BuiltIn">
<doc>Skips the current for loop iteration and continues from the next.</doc>
<msg timestamp="20210327 18:37:17.218" level="INFO">Continuing for loop from the next iteration.</msg>
<status status="PASS" starttime="20210327 18:37:17.218" endtime="20210327 18:37:17.218"/>
</kw>
<status status="PASS" starttime="20210327 18:37:17.215" endtime="20210327 18:37:17.218"/>
</iter>
<iter>
<var name="${var}">8</var>
<kw name="Evaluate" library="BuiltIn">
<var>${Random Numbers}</var>
<arg>random.randint(0, 10)</arg>
<doc>Evaluates the given expression in Python and returns the result.</doc>
<msg timestamp="20210327 18:37:17.219" level="INFO">${Random Numbers} = 1</msg>
<status status="PASS" starttime="20210327 18:37:17.218" endtime="20210327 18:37:17.219"/>
</kw>
<kw name="Log To Console" library="BuiltIn">
<arg>${Random Numbers}</arg>
<doc>Logs the given message to the console.</doc>
<status status="PASS" starttime="20210327 18:37:17.219" endtime="20210327 18:37:17.220"/>
</kw>
<kw name="Continue For Loop" library="BuiltIn">
<doc>Skips the current for loop iteration and continues from the next.</doc>
<msg timestamp="20210327 18:37:17.220" level="INFO">Continuing for loop from the next iteration.</msg>
<status status="PASS" starttime="20210327 18:37:17.220" endtime="20210327 18:37:17.220"/>
</kw>
<status status="PASS" starttime="20210327 18:37:17.218" endtime="20210327 18:37:17.220"/>
</iter>
<iter>
<var name="${var}">9</var>
<kw name="Evaluate" library="BuiltIn">
<var>${Random Numbers}</var>
<arg>random.randint(0, 10)</arg>
<doc>Evaluates the given expression in Python and returns the result.</doc>
<msg timestamp="20210327 18:37:17.221" level="INFO">${Random Numbers} = 5</msg>
<status status="PASS" starttime="20210327 18:37:17.220" endtime="20210327 18:37:17.221"/>
</kw>
<kw name="Log To Console" library="BuiltIn">
<arg>${Random Numbers}</arg>
<doc>Logs the given message to the console.</doc>
<status status="PASS" starttime="20210327 18:37:17.221" endtime="20210327 18:37:17.222"/>
</kw>
<kw name="Continue For Loop" library="BuiltIn">
<doc>Skips the current for loop iteration and continues from the next.</doc>
<msg timestamp="20210327 18:37:17.222" level="INFO">Continuing for loop from the next iteration.</msg>
<status status="PASS" starttime="20210327 18:37:17.222" endtime="20210327 18:37:17.222"/>
</kw>
<status status="PASS" starttime="20210327 18:37:17.220" endtime="20210327 18:37:17.222"/>
</iter>
<status status="PASS" starttime="20210327 18:37:17.203" endtime="20210327 18:37:17.222"/>
</for>
<status status="PASS" starttime="20210327 18:37:17.202" endtime="20210327 18:37:17.223"/>
</test>
<status status="PASS" starttime="20210327 18:37:16.421" endtime="20210327 18:37:17.226"/>
</suite>
<statistics>
<total>
<stat pass="1" fail="0" skip="0">All Tests</stat>
</total>
<tag>
</tag>
<suite>
<stat pass="1" fail="0" skip="0" id="s1" name="Cpf">Cpf</stat>
</suite>
</statistics>
<errors>
</errors>
</robot>
